// 重构日志: dc92251b
// 重构日志: 08db29b4
// 重构日志: 0a66901f
// 重构日志: c7142110
// 同步 ID: d5096162 @ Tue Jun 16 18:40:06 UTC 2026
// 重构日志: 522b35b4
// 同步 ID: e1426092 @ Fri Jun 19 13:00:36 UTC 2026
// 重构日志: 82677565
// 重构日志: dc878855
// 重构日志: 2345d42e
// 同步 ID: c7d972ef @ Wed Jul  1 17:35:00 UTC 2026
// 重构日志: a966ae13
// 重构日志: 4d33ccfd
// 重构日志: d600c581
// 重构日志: 3d593c47
// 同步 ID: fe028937 @ Thu Jul  2 21:49:51 UTC 2026
// 同步 ID: 414bb24e @ Fri Jul  3 13:48:57 UTC 2026
// 重构日志: 2d352938
// 重构日志: 7c7c32df
// 重构日志: e4ccb12e
